<?xml version="1.0" encoding="UTF-8"?>
<!-- Generated by org.testng.reporters.JUnitReportReporter -->
<testsuite hostname="Zaids-MacBook-M3.local" failures="0" tests="1" name="LoginTest_2" time="9.182" errors="0" timestamp="2024-09-11T10:41:37 GST" skipped="0">
  <testcase classname="LoginTest_2" name="loginOrange" time="9.182"/>
  <system-out/>
</testsuite> <!-- LoginTest_2 -->
